<?xml version="1.0" encoding="UTF-8"?>
<!-- Generated by org.testng.reporters.JUnitReportReporter -->
<testsuite hostname="DESKTOP-DC3TDDU" failures="0" tests="1" name="Day01_Demo.Test1_Add_Skills2" time="50.428" errors="0" timestamp="10 Aug 2021 04:14:36 GMT" skipped="0">
  <testcase classname="Day01_Demo.Test1_Add_Skills2" name="AddSkills" time="50.428"/>
</testsuite> <!-- Day01_Demo.Test1_Add_Skills2 -->
