<?xml version="1.0" encoding="UTF-8"?>
<!-- Generated by org.testng.reporters.JUnitReportReporter -->
<testsuite hostname="DESKTOP-DC3TDDU" failures="0" tests="1" name="Day01_Demo.Test1_Add_Skills_Non_Static" time="38.254" errors="0" timestamp="10 Aug 2021 04:28:30 GMT" skipped="0">
  <testcase classname="Day01_Demo.Test1_Add_Skills_Non_Static" name="AddSkills" time="38.254"/>
</testsuite> <!-- Day01_Demo.Test1_Add_Skills_Non_Static -->
