<?xml version="1.0" encoding="UTF-8"?>
<!-- Generated by org.testng.reporters.JUnitReportReporter -->
<testsuite hostname="DESKTOP-DC3TDDU" failures="0" tests="1" name="Day01_Demo.Test1_Add_Skills_Static_Parameters" time="42.933" errors="0" timestamp="10 Aug 2021 04:33:39 GMT" skipped="0">
  <testcase classname="Day01_Demo.Test1_Add_Skills_Static_Parameters" name="AddSkills" time="42.933"/>
</testsuite> <!-- Day01_Demo.Test1_Add_Skills_Static_Parameters -->
