<?xml version="1.0" encoding="UTF-8"?>
<!-- Generated by org.testng.reporters.JUnitReportReporter -->
<testsuite hostname="DESKTOP-DC3TDDU" failures="0" tests="1" name="Day01_Demo.Test1_Add_Skills" time="49.438" errors="0" timestamp="10 Aug 2021 04:11:43 GMT" skipped="0">
  <testcase classname="Day01_Demo.Test1_Add_Skills" name="AddSkills" time="49.438"/>
</testsuite> <!-- Day01_Demo.Test1_Add_Skills -->
